C:\USERS\JUE\DOCUMENTS\VISUAL STUDIO 2012\PROJECTS\THE_THRONE_OF_THE_KINGDOM\TOK_CLIENT\DEBUG\CLIENT.OBJ
C:\USERS\JUE\DOCUMENTS\VISUAL STUDIO 2012\PROJECTS\THE_THRONE_OF_THE_KINGDOM\TOK_CLIENT\DEBUG\MAIN.OBJ
C:\USERS\JUE\DOCUMENTS\VISUAL STUDIO 2012\PROJECTS\THE_THRONE_OF_THE_KINGDOM\TOK_CLIENT\DEBUG\VC110.PDB
C:\USERS\JUE\DOCUMENTS\VISUAL STUDIO 2012\PROJECTS\TOK\TOK_CLIENT\DEBUG\VC110.PDB
C:\USERS\JUE\DOCUMENTS\VISUAL STUDIO 2012\PROJECTS\TOK\TOK_CLIENT\DEBUG\CLIENT.OBJ
C:\USERS\JUE\DOCUMENTS\VISUAL STUDIO 2012\PROJECTS\TOK\TOK_CLIENT\DEBUG\MAIN.OBJ
C:\USERS\JUE\DOCUMENTS\VISUAL STUDIO 2012\PROJECTS\TOK\TOK_CLIENT\DEBUG\GRAPHIC_LIB.OBJ
C:\USERS\JUE\DOCUMENTS\VISUAL STUDIO 2012\PROJECTS\TOK\TOK_CLIENT\DEBUG\MAIN_SCENE.OBJ
C:\USERS\JUE\DOCUMENTS\VISUAL STUDIO 2012\PROJECTS\TOK\TOK_CLIENT\DEBUG\MANAGE_SCENE.OBJ
C:\USERS\JUE\DOCUMENTS\VISUAL STUDIO 2012\PROJECTS\TOK\TOK_CLIENT\DEBUG\USER.OBJ
C:\USERS\JUE\DOCUMENTS\VISUAL STUDIO 2012\PROJECTS\TOK\TOK_CLIENT\DEBUG\PROTOCOL.OBJ
C:\USERS\JUE\DOCUMENTS\VISUAL STUDIO 2012\PROJECTS\THE_THRONE_OF_THE_KINGDOM\DEBUG\TOK_CLIENT.ILK
C:\USERS\JUE\DOCUMENTS\VISUAL STUDIO 2012\PROJECTS\THE_THRONE_OF_THE_KINGDOM\DEBUG\TOK_CLIENT.EXE
C:\USERS\JUE\DOCUMENTS\VISUAL STUDIO 2012\PROJECTS\THE_THRONE_OF_THE_KINGDOM\DEBUG\TOK_CLIENT.PDB
C:\Users\Jue\Documents\Visual Studio 2012\Projects\TOK\TOK_Client\Debug\Client.obj
C:\Users\Jue\Documents\Visual Studio 2012\Projects\TOK\TOK_Client\Debug\Graphic_Lib.obj
C:\Users\Jue\Documents\Visual Studio 2012\Projects\TOK\TOK_Client\Debug\main.obj
C:\Users\Jue\Documents\Visual Studio 2012\Projects\TOK\TOK_Client\Debug\Main_Scene.obj
C:\Users\Jue\Documents\Visual Studio 2012\Projects\TOK\TOK_Client\Debug\Manage_Scene.obj
C:\Users\Jue\Documents\Visual Studio 2012\Projects\TOK\TOK_Client\Debug\Protocol.obj
C:\Users\Jue\Documents\Visual Studio 2012\Projects\TOK\TOK_Client\Debug\User.obj
C:\Users\Jue\Documents\Visual Studio 2012\Projects\TOK\TOK_Client\Debug\cl.command.1.tlog
C:\Users\Jue\Documents\Visual Studio 2012\Projects\TOK\TOK_Client\Debug\CL.read.1.tlog
C:\Users\Jue\Documents\Visual Studio 2012\Projects\TOK\TOK_Client\Debug\CL.write.1.tlog
C:\Users\Jue\Documents\Visual Studio 2012\Projects\TOK\TOK_Client\Debug\link-cvtres.read.1.tlog
C:\Users\Jue\Documents\Visual Studio 2012\Projects\TOK\TOK_Client\Debug\link-cvtres.write.1.tlog
C:\Users\Jue\Documents\Visual Studio 2012\Projects\TOK\TOK_Client\Debug\link-rc.read.1.tlog
C:\Users\Jue\Documents\Visual Studio 2012\Projects\TOK\TOK_Client\Debug\link-rc.write.1.tlog
C:\Users\Jue\Documents\Visual Studio 2012\Projects\TOK\TOK_Client\Debug\link.4296-cvtres.read.1.tlog
C:\Users\Jue\Documents\Visual Studio 2012\Projects\TOK\TOK_Client\Debug\link.4296-cvtres.write.1.tlog
C:\Users\Jue\Documents\Visual Studio 2012\Projects\TOK\TOK_Client\Debug\link.4296-rc.read.1.tlog
C:\Users\Jue\Documents\Visual Studio 2012\Projects\TOK\TOK_Client\Debug\link.4296-rc.write.1.tlog
C:\Users\Jue\Documents\Visual Studio 2012\Projects\TOK\TOK_Client\Debug\link.4296.read.1.tlog
C:\Users\Jue\Documents\Visual Studio 2012\Projects\TOK\TOK_Client\Debug\link.4296.write.1.tlog
C:\Users\Jue\Documents\Visual Studio 2012\Projects\TOK\TOK_Client\Debug\link.6820-cvtres.read.1.tlog
C:\Users\Jue\Documents\Visual Studio 2012\Projects\TOK\TOK_Client\Debug\link.6820-cvtres.write.1.tlog
C:\Users\Jue\Documents\Visual Studio 2012\Projects\TOK\TOK_Client\Debug\link.6820-rc.read.1.tlog
C:\Users\Jue\Documents\Visual Studio 2012\Projects\TOK\TOK_Client\Debug\link.6820-rc.write.1.tlog
C:\Users\Jue\Documents\Visual Studio 2012\Projects\TOK\TOK_Client\Debug\link.6820.read.1.tlog
C:\Users\Jue\Documents\Visual Studio 2012\Projects\TOK\TOK_Client\Debug\link.6820.write.1.tlog
C:\Users\Jue\Documents\Visual Studio 2012\Projects\TOK\TOK_Client\Debug\link.6992-cvtres.read.1.tlog
C:\Users\Jue\Documents\Visual Studio 2012\Projects\TOK\TOK_Client\Debug\link.6992-cvtres.write.1.tlog
C:\Users\Jue\Documents\Visual Studio 2012\Projects\TOK\TOK_Client\Debug\link.6992-rc.read.1.tlog
C:\Users\Jue\Documents\Visual Studio 2012\Projects\TOK\TOK_Client\Debug\link.6992-rc.write.1.tlog
C:\Users\Jue\Documents\Visual Studio 2012\Projects\TOK\TOK_Client\Debug\link.6992.read.1.tlog
C:\Users\Jue\Documents\Visual Studio 2012\Projects\TOK\TOK_Client\Debug\link.6992.write.1.tlog
C:\Users\Jue\Documents\Visual Studio 2012\Projects\TOK\TOK_Client\Debug\link.7360-cvtres.read.1.tlog
C:\Users\Jue\Documents\Visual Studio 2012\Projects\TOK\TOK_Client\Debug\link.7360-cvtres.write.1.tlog
C:\Users\Jue\Documents\Visual Studio 2012\Projects\TOK\TOK_Client\Debug\link.7360-rc.read.1.tlog
C:\Users\Jue\Documents\Visual Studio 2012\Projects\TOK\TOK_Client\Debug\link.7360-rc.write.1.tlog
C:\Users\Jue\Documents\Visual Studio 2012\Projects\TOK\TOK_Client\Debug\link.7360.read.1.tlog
C:\Users\Jue\Documents\Visual Studio 2012\Projects\TOK\TOK_Client\Debug\link.7360.write.1.tlog
C:\Users\Jue\Documents\Visual Studio 2012\Projects\TOK\TOK_Client\Debug\link.8040-cvtres.read.1.tlog
C:\Users\Jue\Documents\Visual Studio 2012\Projects\TOK\TOK_Client\Debug\link.8040-cvtres.write.1.tlog
C:\Users\Jue\Documents\Visual Studio 2012\Projects\TOK\TOK_Client\Debug\link.8040-rc.read.1.tlog
C:\Users\Jue\Documents\Visual Studio 2012\Projects\TOK\TOK_Client\Debug\link.8040-rc.write.1.tlog
C:\Users\Jue\Documents\Visual Studio 2012\Projects\TOK\TOK_Client\Debug\link.8040.read.1.tlog
C:\Users\Jue\Documents\Visual Studio 2012\Projects\TOK\TOK_Client\Debug\link.8040.write.1.tlog
C:\Users\Jue\Documents\Visual Studio 2012\Projects\TOK\TOK_Client\Debug\link.9016-cvtres.read.1.tlog
C:\Users\Jue\Documents\Visual Studio 2012\Projects\TOK\TOK_Client\Debug\link.9016-cvtres.write.1.tlog
C:\Users\Jue\Documents\Visual Studio 2012\Projects\TOK\TOK_Client\Debug\link.9016-rc.read.1.tlog
C:\Users\Jue\Documents\Visual Studio 2012\Projects\TOK\TOK_Client\Debug\link.9016-rc.write.1.tlog
C:\Users\Jue\Documents\Visual Studio 2012\Projects\TOK\TOK_Client\Debug\link.9016.read.1.tlog
C:\Users\Jue\Documents\Visual Studio 2012\Projects\TOK\TOK_Client\Debug\link.9016.write.1.tlog
C:\Users\Jue\Documents\Visual Studio 2012\Projects\TOK\TOK_Client\Debug\link.9704-cvtres.read.1.tlog
C:\Users\Jue\Documents\Visual Studio 2012\Projects\TOK\TOK_Client\Debug\link.9704-cvtres.write.1.tlog
C:\Users\Jue\Documents\Visual Studio 2012\Projects\TOK\TOK_Client\Debug\link.9704-rc.read.1.tlog
C:\Users\Jue\Documents\Visual Studio 2012\Projects\TOK\TOK_Client\Debug\link.9704-rc.write.1.tlog
C:\Users\Jue\Documents\Visual Studio 2012\Projects\TOK\TOK_Client\Debug\link.9704.read.1.tlog
C:\Users\Jue\Documents\Visual Studio 2012\Projects\TOK\TOK_Client\Debug\link.9704.write.1.tlog
C:\Users\Jue\Documents\Visual Studio 2012\Projects\TOK\TOK_Client\Debug\link.9980-cvtres.read.1.tlog
C:\Users\Jue\Documents\Visual Studio 2012\Projects\TOK\TOK_Client\Debug\link.9980-cvtres.write.1.tlog
C:\Users\Jue\Documents\Visual Studio 2012\Projects\TOK\TOK_Client\Debug\link.9980-rc.read.1.tlog
C:\Users\Jue\Documents\Visual Studio 2012\Projects\TOK\TOK_Client\Debug\link.9980-rc.write.1.tlog
C:\Users\Jue\Documents\Visual Studio 2012\Projects\TOK\TOK_Client\Debug\link.9980.read.1.tlog
C:\Users\Jue\Documents\Visual Studio 2012\Projects\TOK\TOK_Client\Debug\link.9980.write.1.tlog
C:\Users\Jue\Documents\Visual Studio 2012\Projects\TOK\TOK_Client\Debug\link.command.1.tlog
C:\Users\Jue\Documents\Visual Studio 2012\Projects\TOK\TOK_Client\Debug\link.read.1.tlog
C:\Users\Jue\Documents\Visual Studio 2012\Projects\TOK\TOK_Client\Debug\link.write.1.tlog
C:\Users\Jue\Documents\Visual Studio 2012\Projects\TOK\TOK_Client\Debug\vc110.idb
C:\Users\Jue\Documents\Visual Studio 2012\Projects\TOK\TOK_Client\Debug\vc110.pdb
C:\Users\Jue\Documents\Visual Studio 2012\Projects\TOK\Debug\TOK_Client.pdb
