C:\USERS\JUE\DOCUMENTS\VISUAL STUDIO 2012\PROJECTS\THE_THRONE_OF_THE_KINGDOM\TOK_SERVER\DEBUG\MAIN.OBJ
C:\USERS\JUE\DOCUMENTS\VISUAL STUDIO 2012\PROJECTS\THE_THRONE_OF_THE_KINGDOM\TOK_SERVER\DEBUG\SERVER.OBJ
C:\USERS\JUE\DOCUMENTS\VISUAL STUDIO 2012\PROJECTS\THE_THRONE_OF_THE_KINGDOM\TOK_SERVER\DEBUG\VC110.PDB
C:\USERS\JUE\DOCUMENTS\VISUAL STUDIO 2012\PROJECTS\TOK\TOK_SERVER\DEBUG\MAIN.OBJ
C:\USERS\JUE\DOCUMENTS\VISUAL STUDIO 2012\PROJECTS\TOK\TOK_SERVER\DEBUG\SERVER.OBJ
C:\USERS\JUE\DOCUMENTS\VISUAL STUDIO 2012\PROJECTS\TOK\TOK_SERVER\DEBUG\VC110.PDB
C:\USERS\JUE\DOCUMENTS\VISUAL STUDIO 2012\PROJECTS\TOK\TOK_SERVER\DEBUG\PROTOCOL.OBJ
C:\USERS\JUE\DOCUMENTS\VISUAL STUDIO 2012\PROJECTS\THE_THRONE_OF_THE_KINGDOM\DEBUG\TOK_SERVER.ILK
C:\USERS\JUE\DOCUMENTS\VISUAL STUDIO 2012\PROJECTS\THE_THRONE_OF_THE_KINGDOM\DEBUG\TOK_SERVER.EXE
C:\USERS\JUE\DOCUMENTS\VISUAL STUDIO 2012\PROJECTS\THE_THRONE_OF_THE_KINGDOM\DEBUG\TOK_SERVER.PDB
C:\USERS\JUE\DOCUMENTS\VISUAL STUDIO 2012\PROJECTS\TOK\DEBUG\TOK_SERVER.ILK
C:\USERS\JUE\DOCUMENTS\VISUAL STUDIO 2012\PROJECTS\TOK\DEBUG\TOK_SERVER.EXE
C:\USERS\JUE\DOCUMENTS\VISUAL STUDIO 2012\PROJECTS\TOK\DEBUG\TOK_SERVER.PDB
C:\Users\Jue\Documents\Visual Studio 2012\Projects\TOK\TOK_Server\Debug\main.obj
C:\Users\Jue\Documents\Visual Studio 2012\Projects\TOK\TOK_Server\Debug\Protocol.obj
C:\Users\Jue\Documents\Visual Studio 2012\Projects\TOK\TOK_Server\Debug\Server.obj
C:\Users\Jue\Documents\Visual Studio 2012\Projects\TOK\TOK_Server\Debug\cl.command.1.tlog
C:\Users\Jue\Documents\Visual Studio 2012\Projects\TOK\TOK_Server\Debug\CL.read.1.tlog
C:\Users\Jue\Documents\Visual Studio 2012\Projects\TOK\TOK_Server\Debug\CL.write.1.tlog
C:\Users\Jue\Documents\Visual Studio 2012\Projects\TOK\TOK_Server\Debug\link-cvtres.read.1.tlog
C:\Users\Jue\Documents\Visual Studio 2012\Projects\TOK\TOK_Server\Debug\link-cvtres.write.1.tlog
C:\Users\Jue\Documents\Visual Studio 2012\Projects\TOK\TOK_Server\Debug\link-rc.read.1.tlog
C:\Users\Jue\Documents\Visual Studio 2012\Projects\TOK\TOK_Server\Debug\link-rc.write.1.tlog
C:\Users\Jue\Documents\Visual Studio 2012\Projects\TOK\TOK_Server\Debug\link.12004-cvtres.read.1.tlog
C:\Users\Jue\Documents\Visual Studio 2012\Projects\TOK\TOK_Server\Debug\link.12004-cvtres.write.1.tlog
C:\Users\Jue\Documents\Visual Studio 2012\Projects\TOK\TOK_Server\Debug\link.12004-rc.read.1.tlog
C:\Users\Jue\Documents\Visual Studio 2012\Projects\TOK\TOK_Server\Debug\link.12004-rc.write.1.tlog
C:\Users\Jue\Documents\Visual Studio 2012\Projects\TOK\TOK_Server\Debug\link.12004.read.1.tlog
C:\Users\Jue\Documents\Visual Studio 2012\Projects\TOK\TOK_Server\Debug\link.12004.write.1.tlog
C:\Users\Jue\Documents\Visual Studio 2012\Projects\TOK\TOK_Server\Debug\link.5584-cvtres.read.1.tlog
C:\Users\Jue\Documents\Visual Studio 2012\Projects\TOK\TOK_Server\Debug\link.5584-cvtres.write.1.tlog
C:\Users\Jue\Documents\Visual Studio 2012\Projects\TOK\TOK_Server\Debug\link.5584-rc.read.1.tlog
C:\Users\Jue\Documents\Visual Studio 2012\Projects\TOK\TOK_Server\Debug\link.5584-rc.write.1.tlog
C:\Users\Jue\Documents\Visual Studio 2012\Projects\TOK\TOK_Server\Debug\link.5584.read.1.tlog
C:\Users\Jue\Documents\Visual Studio 2012\Projects\TOK\TOK_Server\Debug\link.5584.write.1.tlog
C:\Users\Jue\Documents\Visual Studio 2012\Projects\TOK\TOK_Server\Debug\link.5912-cvtres.read.1.tlog
C:\Users\Jue\Documents\Visual Studio 2012\Projects\TOK\TOK_Server\Debug\link.5912-cvtres.write.1.tlog
C:\Users\Jue\Documents\Visual Studio 2012\Projects\TOK\TOK_Server\Debug\link.5912-rc.read.1.tlog
C:\Users\Jue\Documents\Visual Studio 2012\Projects\TOK\TOK_Server\Debug\link.5912-rc.write.1.tlog
C:\Users\Jue\Documents\Visual Studio 2012\Projects\TOK\TOK_Server\Debug\link.5912.read.1.tlog
C:\Users\Jue\Documents\Visual Studio 2012\Projects\TOK\TOK_Server\Debug\link.5912.write.1.tlog
C:\Users\Jue\Documents\Visual Studio 2012\Projects\TOK\TOK_Server\Debug\link.6456-cvtres.read.1.tlog
C:\Users\Jue\Documents\Visual Studio 2012\Projects\TOK\TOK_Server\Debug\link.6456-cvtres.write.1.tlog
C:\Users\Jue\Documents\Visual Studio 2012\Projects\TOK\TOK_Server\Debug\link.6456-rc.read.1.tlog
C:\Users\Jue\Documents\Visual Studio 2012\Projects\TOK\TOK_Server\Debug\link.6456-rc.write.1.tlog
C:\Users\Jue\Documents\Visual Studio 2012\Projects\TOK\TOK_Server\Debug\link.6456.read.1.tlog
C:\Users\Jue\Documents\Visual Studio 2012\Projects\TOK\TOK_Server\Debug\link.6456.write.1.tlog
C:\Users\Jue\Documents\Visual Studio 2012\Projects\TOK\TOK_Server\Debug\link.6628-cvtres.read.1.tlog
C:\Users\Jue\Documents\Visual Studio 2012\Projects\TOK\TOK_Server\Debug\link.6628-cvtres.write.1.tlog
C:\Users\Jue\Documents\Visual Studio 2012\Projects\TOK\TOK_Server\Debug\link.6628-rc.read.1.tlog
C:\Users\Jue\Documents\Visual Studio 2012\Projects\TOK\TOK_Server\Debug\link.6628-rc.write.1.tlog
C:\Users\Jue\Documents\Visual Studio 2012\Projects\TOK\TOK_Server\Debug\link.6628.read.1.tlog
C:\Users\Jue\Documents\Visual Studio 2012\Projects\TOK\TOK_Server\Debug\link.6628.write.1.tlog
C:\Users\Jue\Documents\Visual Studio 2012\Projects\TOK\TOK_Server\Debug\link.7924-cvtres.read.1.tlog
C:\Users\Jue\Documents\Visual Studio 2012\Projects\TOK\TOK_Server\Debug\link.7924-cvtres.write.1.tlog
C:\Users\Jue\Documents\Visual Studio 2012\Projects\TOK\TOK_Server\Debug\link.7924-rc.read.1.tlog
C:\Users\Jue\Documents\Visual Studio 2012\Projects\TOK\TOK_Server\Debug\link.7924-rc.write.1.tlog
C:\Users\Jue\Documents\Visual Studio 2012\Projects\TOK\TOK_Server\Debug\link.7924.read.1.tlog
C:\Users\Jue\Documents\Visual Studio 2012\Projects\TOK\TOK_Server\Debug\link.7924.write.1.tlog
C:\Users\Jue\Documents\Visual Studio 2012\Projects\TOK\TOK_Server\Debug\link.command.1.tlog
C:\Users\Jue\Documents\Visual Studio 2012\Projects\TOK\TOK_Server\Debug\link.read.1.tlog
C:\Users\Jue\Documents\Visual Studio 2012\Projects\TOK\TOK_Server\Debug\link.write.1.tlog
C:\Users\Jue\Documents\Visual Studio 2012\Projects\TOK\TOK_Server\Debug\vc110.idb
C:\Users\Jue\Documents\Visual Studio 2012\Projects\TOK\TOK_Server\Debug\vc110.pdb
C:\Users\Jue\Documents\Visual Studio 2012\Projects\TOK\Debug\TOK_Server.pdb
C:\Users\Jue\Documents\Visual Studio 2012\Projects\TOK\Debug\TOK_Server.exe
C:\Users\Jue\Documents\Visual Studio 2012\Projects\TOK\Debug\TOK_Server.ilk
